{"name": "test_search_by_first_name[edge-case0]", "status": "failed", "statusDetails": {"message": "AssertionError: Customer with first name 'John' not found.\nassert False", "trace": "self = <Selenium_Ecommerce.tests.test_custsearch.TestSearchCustomer object at 0x000002247F900350>, case = {'email': 'john@example.com', 'first_name': 'John', 'last_name': 'Doe', 'password': 'password123'}\n\n    @pytest.mark.parametrize(\"case\", load_test_data(\"Selenium_Ecommerce/utils/data/customer_data.xlsx\"))\n    @allure.story(\"Search by First Name\")\n    @allure.severity(allure.severity_level.NORMAL)\n    def test_search_by_first_name(self, case):\n        \"\"\"Verifies customer search by First Name.\"\"\"\n        first_name = case[\"first_name\"]\n        with allure.step(f\"Searching by first name: {first_name}\"):\n            result = self.search_page.search_by_first_name(first_name)\n>           assert result, f\"Customer with first name '{first_name}' not found.\"\nE           AssertionError: Customer with first name 'John' not found.\nE           assert False\n\nSelenium_Ecommerce\\tests\\test_custsearch.py:78: AssertionError"}, "description": "Verifies customer search by First Name.", "steps": [{"name": "Searching by first name: John", "status": "failed", "statusDetails": {"message": "AssertionError: Customer with first name 'John' not found.\nassert False\n", "trace": "  File \"C:\\Users\\Ascendion\\PycharmProjects\\Capstone Project\\Selenium_Ecommerce\\tests\\test_custsearch.py\", line 78, in test_search_by_first_name\n    assert result, f\"Customer with first name '{first_name}' not found.\"\n"}, "start": 1760724129433, "stop": 1760724138341}], "parameters": [{"name": "setup", "value": "'edge'"}, {"name": "case", "value": "{'first_name': 'John', 'last_name': 'Doe', 'email': 'john@example.com', 'password': 'password123'}"}], "start": 1760724129433, "stop": 1760724138342, "uuid": "3bff7dce-a17c-431f-aea9-4efd8c2ebb96", "historyId": "b6f0c5ccdeee69a91b5c751d076d1406", "testCaseId": "3547ee8865823c4a7f16d66866c1732a", "fullName": "tests.test_custsearch.TestSearchCustomer#test_search_by_first_name", "labels": [{"name": "story", "value": "Search by First Name"}, {"name": "feature", "value": "Customer Module"}, {"name": "severity", "value": "normal"}, {"name": "tag", "value": "search"}, {"name": "parentSuite", "value": "tests"}, {"name": "suite", "value": "test_custsearch"}, {"name": "subSuite", "value": "TestSearchCustomer"}, {"name": "host", "value": "ASCENDI-FJC3FA0"}, {"name": "thread", "value": "10036-MainThread"}, {"name": "framework", "value": "pytest"}, {"name": "language", "value": "cpython3"}, {"name": "package", "value": "tests.test_custsearch"}], "titlePath": ["tests", "test_custsearch.py", "TestSearchCustomer"]}