{"name": "test_login_ddt[chrome-case0]", "status": "failed", "statusDetails": {"message": "AssertionError: Expected success for admin@yourstore.com, but failed.\nassert 'none' == 'success'\n  \n  \u001b[0m\u001b[91m- success\u001b[39;49;00m\u001b[90m\u001b[39;49;00m\n  \u001b[92m+ none\u001b[39;49;00m\u001b[90m\u001b[39;49;00m", "trace": "self = <Selenium_Ecommerce.tests.test_login.TestLoginLogout object at 0x0000020EB0DA5090>, case = {'email': 'admin@yourstore.com', 'expected': 'Pass', 'password': 'admin'}\nsetup = <selenium.webdriver.chrome.webdriver.WebDriver (session=\"74070ee0464f2b7cfbdf60817eb075c9\")>\n\n    @pytest.mark.parametrize(\"case\", load_test_data(\"Selenium_Ecommerce/utils/data/login_data.xml\"))\n    @allure.severity(allure.severity_level.CRITICAL)\n    @pytest.mark.loginnop\n    @allure.story(\"Data Driven Login Test with Allure & Screenshots\")\n    def test_login_ddt(self, case, setup):\n        \"\"\"\n        Attempts to log in with each dataset entry.\n        Supports multiple browsers and data formats.\n        \"\"\"\n        # Extract fields from dataset\n        email, password, expected = case[\"email\"], case[\"password\"], case[\"expected\"]\n    \n        driver = setup\n        login_page = LoginPage(driver)\n        driver.get(\"https://admin-demo.nopcommerce.com/login?ReturnUrl=%2Fadmin%2F\")\n    \n        # Step: Attempt Login\n        with allure.step(f\"Testing login with: {email or '[EMPTY EMAIL]'} | Expected: {expected}\"):\n            result = login_page.login(email, password)\n            login_page.take_screenshot(\"test_login\", f\"attempt_{email or 'empty'}\")\n    \n    \n    \n        # Step: Validate Result â€” Successful Login\n        if expected == \"Pass\":\n            with allure.step(\"Verifying successful login outcome\"):\n>               assert result == \"success\", f\"Expected success for {email}, but failed.\"\nE               AssertionError: Expected success for admin@yourstore.com, but failed.\nE               assert 'none' == 'success'\nE                 \nE                 \u001b[0m\u001b[91m- success\u001b[39;49;00m\u001b[90m\u001b[39;49;00m\nE                 \u001b[92m+ none\u001b[39;49;00m\u001b[90m\u001b[39;49;00m\n\nSelenium_Ecommerce\\tests\\test_login.py:64: AssertionError"}, "description": "\nAttempts to log in with each dataset entry.\nSupports multiple browsers and data formats.\n", "steps": [{"name": "Testing login with: admin@yourstore.com | Expected: Pass", "status": "passed", "start": 1761139991280, "stop": 1761140022292}, {"name": "Verifying successful login outcome", "status": "failed", "statusDetails": {"message": "AssertionError: Expected success for admin@yourstore.com, but failed.\nassert 'none' == 'success'\n  \n  \u001b[0m\u001b[91m- success\u001b[39;49;00m\u001b[90m\u001b[39;49;00m\n  \u001b[92m+ none\u001b[39;49;00m\u001b[90m\u001b[39;49;00m\n", "trace": "  File \"C:\\Users\\Ascendion\\PycharmProjects\\Capstone Project\\Selenium_Ecommerce\\tests\\test_login.py\", line 64, in test_login_ddt\n    assert result == \"success\", f\"Expected success for {email}, but failed.\"\n"}, "start": 1761140022292, "stop": 1761140022301}], "attachments": [{"name": "log", "source": "896dc393-4267-4c8f-b5d8-c8c0350b8658-attachment.txt", "type": "text/plain"}], "parameters": [{"name": "setup", "value": "'chrome'"}, {"name": "case", "value": "{'email': 'admin@yourstore.com', 'password': 'admin', 'expected': 'Pass'}"}], "start": 1761139990005, "stop": 1761140022314, "uuid": "fb95b5ad-da9f-4db1-beab-4ea1d90f377f", "historyId": "d88ef7cf63e6463b6dfc5ad62172e6db", "testCaseId": "1f17878d8de39a9bdfe8a6cf6dd9e4b4", "fullName": "tests.test_login.TestLoginLogout#test_login_ddt", "labels": [{"name": "story", "value": "Data Driven Login Test with Allure & Screenshots"}, {"name": "feature", "value": "Login Module"}, {"name": "severity", "value": "critical"}, {"name": "tag", "value": "loginnop"}, {"name": "tag", "value": "login"}, {"name": "parentSuite", "value": "tests"}, {"name": "suite", "value": "test_login"}, {"name": "subSuite", "value": "TestLoginLogout"}, {"name": "host", "value": "ASCENDI-FJC3FA0"}, {"name": "thread", "value": "6440-MainThread"}, {"name": "framework", "value": "pytest"}, {"name": "language", "value": "cpython3"}, {"name": "package", "value": "tests.test_login"}], "titlePath": ["tests", "test_login.py", "TestLoginLogout"]}